{"numFailedTestSuites":0,"numFailedTests":0,"numPassedTestSuites":7,"numPassedTests":32,"numPendingTestSuites":0,"numPendingTests":0,"numRuntimeErrorTestSuites":0,"numTodoTests":0,"numTotalTestSuites":7,"numTotalTests":32,"openHandles":[],"snapshot":{"added":0,"didUpdate":false,"failure":false,"filesAdded":0,"filesRemoved":0,"filesRemovedList":[],"filesUnmatched":0,"filesUpdated":0,"matched":0,"total":0,"unchecked":0,"uncheckedKeysByFile":[],"unmatched":0,"updated":0},"startTime":1620142678471,"success":true,"testResults":[{"assertionResults":[{"ancestorTitles":["StatusBanner","when given valid props"],"failureMessages":[],"fullName":"StatusBanner when given valid props renders","location":null,"status":"passed","title":"renders"}],"endTime":1620142685569,"message":"","name":"/Users/douglaspollock/Documents/projects/hods-poc/components/status-banner/spec/StatusBanner.ts","startTime":1620142680437,"status":"passed","summary":""},{"assertionResults":[{"ancestorTitles":["Alert","when given valid props"],"failureMessages":[],"fullName":"Alert when given valid props renders","location":null,"status":"passed","title":"renders"}],"endTime":1620142685607,"message":"","name":"/Users/douglaspollock/Documents/projects/hods-poc/components/alert/spec/Alert.ts","startTime":1620142680437,"status":"passed","summary":""},{"assertionResults":[{"ancestorTitles":["Timeline","when given all props"],"failureMessages":[],"fullName":"Timeline when given all props displays all props","location":null,"status":"passed","title":"displays all props"},{"ancestorTitles":["Timeline","when given all props"],"failureMessages":[],"fullName":"Timeline when given all props should show the title","location":null,"status":"passed","title":"should show the title"},{"ancestorTitles":["Timeline","when given all props"],"failureMessages":[],"fullName":"Timeline when given all props should show the user","location":null,"status":"passed","title":"should show the user"},{"ancestorTitles":["Timeline","when given all props"],"failureMessages":[],"fullName":"Timeline when given all props should show the date","location":null,"status":"passed","title":"should show the date"},{"ancestorTitles":["Timeline","when given all props"],"failureMessages":[],"fullName":"Timeline when given all props should show the description","location":null,"status":"passed","title":"should show the description"},{"ancestorTitles":["Timeline","when given mandatory props"],"failureMessages":[],"fullName":"Timeline when given mandatory props displays all props","location":null,"status":"passed","title":"displays all props"},{"ancestorTitles":["Timeline","when given mandatory props"],"failureMessages":[],"fullName":"Timeline when given mandatory props should show the title","location":null,"status":"passed","title":"should show the title"},{"ancestorTitles":["Timeline","when given mandatory props"],"failureMessages":[],"fullName":"Timeline when given mandatory props should not show the user","location":null,"status":"passed","title":"should not show the user"},{"ancestorTitles":["Timeline","when given mandatory props"],"failureMessages":[],"fullName":"Timeline when given mandatory props should show the date","location":null,"status":"passed","title":"should show the date"},{"ancestorTitles":["Timeline","when given mandatory props"],"failureMessages":[],"fullName":"Timeline when given mandatory props should show the description","location":null,"status":"passed","title":"should show the description"}],"endTime":1620142685667,"message":"","name":"/Users/douglaspollock/Documents/projects/hods-poc/components/timeline/spec/Timeline.ts","startTime":1620142680436,"status":"passed","summary":""},{"assertionResults":[{"ancestorTitles":["Pagination","when given valid props"],"failureMessages":[],"fullName":"Pagination when given valid props is on the correct page","location":null,"status":"passed","title":"is on the correct page"},{"ancestorTitles":["Pagination","when given valid props"],"failureMessages":[],"fullName":"Pagination when given valid props should not have a link","location":null,"status":"passed","title":"should not have a link"},{"ancestorTitles":["Pagination","when given valid props"],"failureMessages":[],"fullName":"Pagination when given valid props displays the correct value for results from","location":null,"status":"passed","title":"displays the correct value for results from"},{"ancestorTitles":["Pagination","when given valid props"],"failureMessages":[],"fullName":"Pagination when given valid props displays the correct value for results to","location":null,"status":"passed","title":"displays the correct value for results to"},{"ancestorTitles":["Pagination","when given valid props"],"failureMessages":[],"fullName":"Pagination when given valid props displays the correct value for total results","location":null,"status":"passed","title":"displays the correct value for total results"},{"ancestorTitles":["Pagination","when given valid props"],"failureMessages":[],"fullName":"Pagination when given valid props displays the previous link in the correct place","location":null,"status":"passed","title":"displays the previous link in the correct place"},{"ancestorTitles":["Pagination","when given valid props"],"failureMessages":[],"fullName":"Pagination when given valid props displays the next link in the correct place","location":null,"status":"passed","title":"displays the next link in the correct place"},{"ancestorTitles":["Pagination","when given alternative valid props"],"failureMessages":[],"fullName":"Pagination when given alternative valid props is on the correct page","location":null,"status":"passed","title":"is on the correct page"},{"ancestorTitles":["Pagination","when given alternative valid props"],"failureMessages":[],"fullName":"Pagination when given alternative valid props should not have a link","location":null,"status":"passed","title":"should not have a link"},{"ancestorTitles":["Pagination","when given alternative valid props"],"failureMessages":[],"fullName":"Pagination when given alternative valid props displays the correct value for results from","location":null,"status":"passed","title":"displays the correct value for results from"},{"ancestorTitles":["Pagination","when given alternative valid props"],"failureMessages":[],"fullName":"Pagination when given alternative valid props displays the correct value for results to","location":null,"status":"passed","title":"displays the correct value for results to"},{"ancestorTitles":["Pagination","when given alternative valid props"],"failureMessages":[],"fullName":"Pagination when given alternative valid props displays the correct value for total results","location":null,"status":"passed","title":"displays the correct value for total results"},{"ancestorTitles":["Pagination","when given alternative valid props"],"failureMessages":[],"fullName":"Pagination when given alternative valid props displays the previous link in the correct place","location":null,"status":"passed","title":"displays the previous link in the correct place"},{"ancestorTitles":["Pagination","when given alternative valid props"],"failureMessages":[],"fullName":"Pagination when given alternative valid props displays the next link in the correct place","location":null,"status":"passed","title":"displays the next link in the correct place"}],"endTime":1620142685674,"message":"","name":"/Users/douglaspollock/Documents/projects/hods-poc/components/pagination/spec/Pagination.ts","startTime":1620142680437,"status":"passed","summary":""},{"assertionResults":[{"ancestorTitles":["Footer","when given no props"],"failureMessages":[],"fullName":"Footer when given no props renders","location":null,"status":"passed","title":"renders"},{"ancestorTitles":["Footer","when given valid props"],"failureMessages":[],"fullName":"Footer when given valid props renders","location":null,"status":"passed","title":"renders"}],"endTime":1620142685764,"message":"","name":"/Users/douglaspollock/Documents/projects/hods-poc/components/footer/spec/Footer.ts","startTime":1620142680527,"status":"passed","summary":""},{"assertionResults":[{"ancestorTitles":["Header","when given no props"],"failureMessages":[],"fullName":"Header when given no props renders","location":null,"status":"passed","title":"renders"},{"ancestorTitles":["Header","when given valid props"],"failureMessages":[],"fullName":"Header when given valid props renders","location":null,"status":"passed","title":"renders"}],"endTime":1620142685805,"message":"","name":"/Users/douglaspollock/Documents/projects/hods-poc/components/header/spec/Header.ts","startTime":1620142680437,"status":"passed","summary":""},{"assertionResults":[{"ancestorTitles":["Page","when given no props"],"failureMessages":[],"fullName":"Page when given no props renders","location":null,"status":"passed","title":"renders"},{"ancestorTitles":["Page","when given valid props"],"failureMessages":[],"fullName":"Page when given valid props renders","location":null,"status":"passed","title":"renders"}],"endTime":1620142686597,"message":"","name":"/Users/douglaspollock/Documents/projects/hods-poc/components/page/spec/Page.ts","startTime":1620142680488,"status":"passed","summary":""}],"wasInterrupted":false,"coverageMap":{}}