{"numFailedTestSuites":0,"numFailedTests":0,"numPassedTestSuites":6,"numPassedTests":28,"numPendingTestSuites":0,"numPendingTests":0,"numRuntimeErrorTestSuites":0,"numTodoTests":0,"numTotalTestSuites":6,"numTotalTests":28,"openHandles":[],"snapshot":{"added":0,"didUpdate":false,"failure":false,"filesAdded":0,"filesRemoved":0,"filesRemovedList":[],"filesUnmatched":0,"filesUpdated":0,"matched":0,"total":0,"unchecked":0,"uncheckedKeysByFile":[],"unmatched":0,"updated":0},"startTime":1619189784002,"success":true,"testResults":[{"assertionResults":[{"ancestorTitles":["StatusBanner","when given valid props"],"failureMessages":[],"fullName":"StatusBanner when given valid props renders","location":null,"status":"passed","title":"renders"}],"endTime":1619189794279,"message":"","name":"/Users/douglaspollock/Documents/projects/hods-poc/components/status-banner/spec/StatusBanner.ts","startTime":1619189787497,"status":"passed","summary":""},{"assertionResults":[{"ancestorTitles":["Alert","when given valid props"],"failureMessages":[],"fullName":"Alert when given valid props renders","location":null,"status":"passed","title":"renders"}],"endTime":1619189794304,"message":"","name":"/Users/douglaspollock/Documents/projects/hods-poc/components/alert/spec/Alert.ts","startTime":1619189787496,"status":"passed","summary":""},{"assertionResults":[{"ancestorTitles":["Pagination","when given valid props"],"failureMessages":[],"fullName":"Pagination when given valid props is on the correct page","location":null,"status":"passed","title":"is on the correct page"},{"ancestorTitles":["Pagination","when given valid props"],"failureMessages":[],"fullName":"Pagination when given valid props should not have a link","location":null,"status":"passed","title":"should not have a link"},{"ancestorTitles":["Pagination","when given valid props"],"failureMessages":[],"fullName":"Pagination when given valid props displays the correct value for results from","location":null,"status":"passed","title":"displays the correct value for results from"},{"ancestorTitles":["Pagination","when given valid props"],"failureMessages":[],"fullName":"Pagination when given valid props displays the correct value for results to","location":null,"status":"passed","title":"displays the correct value for results to"},{"ancestorTitles":["Pagination","when given valid props"],"failureMessages":[],"fullName":"Pagination when given valid props displays the correct value for total results","location":null,"status":"passed","title":"displays the correct value for total results"},{"ancestorTitles":["Pagination","when given valid props"],"failureMessages":[],"fullName":"Pagination when given valid props displays the previous link in the correct place","location":null,"status":"passed","title":"displays the previous link in the correct place"},{"ancestorTitles":["Pagination","when given valid props"],"failureMessages":[],"fullName":"Pagination when given valid props displays the next link in the correct place","location":null,"status":"passed","title":"displays the next link in the correct place"},{"ancestorTitles":["Pagination","when given alternative valid props"],"failureMessages":[],"fullName":"Pagination when given alternative valid props is on the correct page","location":null,"status":"passed","title":"is on the correct page"},{"ancestorTitles":["Pagination","when given alternative valid props"],"failureMessages":[],"fullName":"Pagination when given alternative valid props should not have a link","location":null,"status":"passed","title":"should not have a link"},{"ancestorTitles":["Pagination","when given alternative valid props"],"failureMessages":[],"fullName":"Pagination when given alternative valid props displays the correct value for results from","location":null,"status":"passed","title":"displays the correct value for results from"},{"ancestorTitles":["Pagination","when given alternative valid props"],"failureMessages":[],"fullName":"Pagination when given alternative valid props displays the correct value for results to","location":null,"status":"passed","title":"displays the correct value for results to"},{"ancestorTitles":["Pagination","when given alternative valid props"],"failureMessages":[],"fullName":"Pagination when given alternative valid props displays the correct value for total results","location":null,"status":"passed","title":"displays the correct value for total results"},{"ancestorTitles":["Pagination","when given alternative valid props"],"failureMessages":[],"fullName":"Pagination when given alternative valid props displays the previous link in the correct place","location":null,"status":"passed","title":"displays the previous link in the correct place"},{"ancestorTitles":["Pagination","when given alternative valid props"],"failureMessages":[],"fullName":"Pagination when given alternative valid props displays the next link in the correct place","location":null,"status":"passed","title":"displays the next link in the correct place"},{"ancestorTitles":["Pagination","when given invalid props"],"failureMessages":[],"fullName":"Pagination when given invalid props displays NaN as the value of results from","location":null,"status":"passed","title":"displays NaN as the value of results from"},{"ancestorTitles":["Pagination","when given invalid props"],"failureMessages":[],"fullName":"Pagination when given invalid props displays NaN as the value of results to","location":null,"status":"passed","title":"displays NaN as the value of results to"},{"ancestorTitles":["Pagination","when given invalid props"],"failureMessages":[],"fullName":"Pagination when given invalid props displays NaN as the value of total results","location":null,"status":"passed","title":"displays NaN as the value of total results"},{"ancestorTitles":["Pagination","when given no props"],"failureMessages":[],"fullName":"Pagination when given no props displays NaN as the value of results from","location":null,"status":"passed","title":"displays NaN as the value of results from"},{"ancestorTitles":["Pagination","when given no props"],"failureMessages":[],"fullName":"Pagination when given no props displays NaN as the value of results to","location":null,"status":"passed","title":"displays NaN as the value of results to"},{"ancestorTitles":["Pagination","when given no props"],"failureMessages":[],"fullName":"Pagination when given no props displays NaN as the value of total results","location":null,"status":"passed","title":"displays NaN as the value of total results"}],"endTime":1619189794370,"message":"","name":"/Users/douglaspollock/Documents/projects/hods-poc/components/pagination/spec/Pagination.ts","startTime":1619189787496,"status":"passed","summary":""},{"assertionResults":[{"ancestorTitles":["Footer","when given no props"],"failureMessages":[],"fullName":"Footer when given no props renders","location":null,"status":"passed","title":"renders"},{"ancestorTitles":["Footer","when given valid props"],"failureMessages":[],"fullName":"Footer when given valid props renders","location":null,"status":"passed","title":"renders"}],"endTime":1619189794471,"message":"","name":"/Users/douglaspollock/Documents/projects/hods-poc/components/footer/spec/Footer.ts","startTime":1619189787497,"status":"passed","summary":""},{"assertionResults":[{"ancestorTitles":["Header","when given no props"],"failureMessages":[],"fullName":"Header when given no props renders","location":null,"status":"passed","title":"renders"},{"ancestorTitles":["Header","when given valid props"],"failureMessages":[],"fullName":"Header when given valid props renders","location":null,"status":"passed","title":"renders"}],"endTime":1619189794519,"message":"","name":"/Users/douglaspollock/Documents/projects/hods-poc/components/header/spec/Header.ts","startTime":1619189787496,"status":"passed","summary":""},{"assertionResults":[{"ancestorTitles":["Page","when given no props"],"failureMessages":[],"fullName":"Page when given no props renders","location":null,"status":"passed","title":"renders"},{"ancestorTitles":["Page","when given valid props"],"failureMessages":[],"fullName":"Page when given valid props renders","location":null,"status":"passed","title":"renders"}],"endTime":1619189795624,"message":"","name":"/Users/douglaspollock/Documents/projects/hods-poc/components/page/spec/Page.ts","startTime":1619189787496,"status":"passed","summary":""}],"wasInterrupted":false,"coverageMap":{}}